0 info it worked if it ends with ok
1 verbose cli [ '/Users/petermargaritoff/.nvm/versions/node/v4.4.1/bin/node',
1 verbose cli   '/Users/petermargaritoff/.nvm/versions/node/v4.4.1/bin/npm',
1 verbose cli   'start' ]
2 info using npm@3.10.8
3 info using node@v4.4.1
4 verbose run-script [ 'prestart', 'start', 'poststart' ]
5 info lifecycle lender-api@0.0.0~prestart: lender-api@0.0.0
6 verbose lifecycle lender-api@0.0.0~prestart: unsafe-perm in lifecycle true
7 verbose lifecycle lender-api@0.0.0~prestart: PATH: /Users/petermargaritoff/.nvm/versions/node/v4.4.1/lib/node_modules/npm/bin/node-gyp-bin:/Users/petermargaritoff/Documents/Projects/Web_Projects/lender-api/node_modules/.bin:~/google-cloud-sdk/bin:/Users/petermargaritoff/.nvm/versions/node/v4.4.1/bin:/usr/local/heroku/bin:/usr/local/bin:/usr/bin:/bin:/usr/sbin:/sbin:/Users/petermargaritoff/.gem/ruby/1.8/bin:/opt/nginx/sbin:/Users/petermargaritoff/Library/Android/sdk/tools
8 verbose lifecycle lender-api@0.0.0~prestart: CWD: /Users/petermargaritoff/Documents/Projects/Web_Projects/lender-api
9 silly lifecycle lender-api@0.0.0~prestart: Args: [ '-c', 'knex migrate:latest' ]
10 silly lifecycle lender-api@0.0.0~prestart: Returned: code: 1  signal: null
11 info lifecycle lender-api@0.0.0~prestart: Failed to exec prestart script
12 verbose stack Error: lender-api@0.0.0 prestart: `knex migrate:latest`
12 verbose stack Exit status 1
12 verbose stack     at EventEmitter.<anonymous> (/Users/petermargaritoff/.nvm/versions/node/v4.4.1/lib/node_modules/npm/lib/utils/lifecycle.js:255:16)
12 verbose stack     at emitTwo (events.js:87:13)
12 verbose stack     at EventEmitter.emit (events.js:172:7)
12 verbose stack     at ChildProcess.<anonymous> (/Users/petermargaritoff/.nvm/versions/node/v4.4.1/lib/node_modules/npm/lib/utils/spawn.js:40:14)
12 verbose stack     at emitTwo (events.js:87:13)
12 verbose stack     at ChildProcess.emit (events.js:172:7)
12 verbose stack     at maybeClose (internal/child_process.js:827:16)
12 verbose stack     at Process.ChildProcess._handle.onexit (internal/child_process.js:211:5)
13 verbose pkgid lender-api@0.0.0
14 verbose cwd /Users/petermargaritoff/Documents/Projects/Web_Projects/lender-api
15 error Darwin 17.3.0
16 error argv "/Users/petermargaritoff/.nvm/versions/node/v4.4.1/bin/node" "/Users/petermargaritoff/.nvm/versions/node/v4.4.1/bin/npm" "start"
17 error node v4.4.1
18 error npm  v3.10.8
19 error code ELIFECYCLE
20 error lender-api@0.0.0 prestart: `knex migrate:latest`
20 error Exit status 1
21 error Failed at the lender-api@0.0.0 prestart script 'knex migrate:latest'.
21 error Make sure you have the latest version of node.js and npm installed.
21 error If you do, this is most likely a problem with the lender-api package,
21 error not with npm itself.
21 error Tell the author that this fails on your system:
21 error     knex migrate:latest
21 error You can get information on how to open an issue for this project with:
21 error     npm bugs lender-api
21 error Or if that isn't available, you can get their info via:
21 error     npm owner ls lender-api
21 error There is likely additional logging output above.
22 verbose exit [ 1, true ]
